0 info it worked if it ends with ok
1 verbose cli [ '/usr/local/bin/node', '/usr/local/bin/npm', 'start' ]
2 info using npm@2.14.7
3 info using node@v4.2.1
4 verbose run-script [ 'prestart', 'start', 'poststart' ]
5 info prestart react-redux-spotify@0.0.1
6 verbose unsafe-perm in lifecycle true
7 info start react-redux-spotify@0.0.1
8 verbose unsafe-perm in lifecycle true
9 info react-redux-spotify@0.0.1 Failed to exec start script
10 verbose stack Error: react-redux-spotify@0.0.1 start: `npm-run-all --parallel open:src lint:watch test:watch`
10 verbose stack Exit status 1
10 verbose stack     at EventEmitter.<anonymous> (/usr/local/lib/node_modules/npm/lib/utils/lifecycle.js:214:16)
10 verbose stack     at emitTwo (events.js:87:13)
10 verbose stack     at EventEmitter.emit (events.js:172:7)
10 verbose stack     at ChildProcess.<anonymous> (/usr/local/lib/node_modules/npm/lib/utils/spawn.js:24:14)
10 verbose stack     at emitTwo (events.js:87:13)
10 verbose stack     at ChildProcess.emit (events.js:172:7)
10 verbose stack     at maybeClose (internal/child_process.js:818:16)
10 verbose stack     at Process.ChildProcess._handle.onexit (internal/child_process.js:211:5)
11 verbose pkgid react-redux-spotify@0.0.1
12 verbose cwd /Users/allyrippley/Code/06042016
13 error Darwin 14.5.0
14 error argv "/usr/local/bin/node" "/usr/local/bin/npm" "start"
15 error node v4.2.1
16 error npm  v2.14.7
17 error code ELIFECYCLE
18 error react-redux-spotify@0.0.1 start: `npm-run-all --parallel open:src lint:watch test:watch`
18 error Exit status 1
19 error Failed at the react-redux-spotify@0.0.1 start script 'npm-run-all --parallel open:src lint:watch test:watch'.
19 error This is most likely a problem with the react-redux-spotify package,
19 error not with npm itself.
19 error Tell the author that this fails on your system:
19 error     npm-run-all --parallel open:src lint:watch test:watch
19 error You can get their info via:
19 error     npm owner ls react-redux-spotify
19 error There is likely additional logging output above.
20 verbose exit [ 1, true ]
